<beans xmlns="http://www.springframework.org/schema/beans" xmlns:xsi="http://www.w3.org/2001/XMLSchema-instance"
       xsi:schemaLocation="http://www.springframework.org/schema/beans http://www.springframework.org/schema/beans/spring-beans.xsd">


  <import resource="test-context.xml"/>
  
  <bean id="clusterBusiness" class="org.constellation.test.component.DummyClusterBusiness" />
  <bean id="configurationBusiness" class="org.constellation.test.component.SimpleConfigurationBusiness"/>

</beans>