<beans xmlns="http://www.springframework.org/schema/beans" xmlns:xsi="http://www.w3.org/2001/XMLSchema-instance"
       xmlns:context="http://www.springframework.org/schema/context" xmlns:tx="http://www.springframework.org/schema/tx"
       xmlns:task="http://www.springframework.org/schema/task"
       xsi:schemaLocation="http://www.springframework.org/schema/task http://www.springframework.org/schema/task/spring-task.xsd
        http://www.springframework.org/schema/beans http://www.springframework.org/schema/beans/spring-beans.xsd
        http://www.springframework.org/schema/tx http://www.springframework.org/schema/tx/spring-tx.xsd
        http://www.springframework.org/schema/context http://www.springframework.org/schema/context/spring-context.xsd">


  <context:component-scan base-package="
  org.constellation.database.api.jooq,
  org.constellation.database.impl.repository,
  org.constellation.admin,
  org.constellation.map.configuration,
  org.constellation.ws.rs,
  org.constellation.scheduler,
  org.constellation.ws.component" />

  <tx:annotation-driven transaction-manager="transactionManager" />

  <bean id="securityManager" class="org.constellation.security.spring.SpringSecurityManager"></bean>

  <bean id="clusterBusiness" class="org.constellation.admin.LocalClusterBusiness" />

  <task:executor id="cstlExecutor" pool-size="5" />
  <task:scheduler id="cstlScheduler" pool-size="5" />
  <task:annotation-driven executor="cstlExecutor" scheduler="cstlScheduler" />

    <!-- Guava event bus -->
  <bean id="eventBus" class="com.google.common.eventbus.AsyncEventBus">
    <constructor-arg ref="cstlExecutor" />
  </bean>

 <bean id="authenticationProxy" class="org.constellation.services.security.DummyAuthenticationProxy"/>
 <bean id="cstlStyleConverterBusiness" class="org.constellation.json.component.StyleConverterBusiness" />

  <bean class="org.constellation.database.configuration.TestingDBConfiguration" />
  <bean class="org.constellation.test.component.TestSpatialIndexDBConfiguration" />
  <import resource="cstl-ds.xml"/>
  <import resource="cstl-tx.xml" />

  <import resource="classpath*:/cstl/spring/auto/*-context.xml" />

</beans>

